<?xml version="1.0" encoding="UTF-8"?>
<coverage generated="1626961847583" clover="3.2.0">
  <project timestamp="1626961847583" name="All files">
    <metrics statements="13" coveredstatements="5" conditionals="6" coveredconditionals="0" methods="3" coveredmethods="2" elements="22" coveredelements="7" complexity="0" loc="13" ncloc="13" packages="1" files="1" classes="1"/>
    <file name="crud.ts" path="C:\Users\paawo\OneDrive\Documents\p\paa\web\public\main\school\done\todo\src\crud.ts">
      <metrics statements="13" coveredstatements="5" conditionals="6" coveredconditionals="0" methods="3" coveredmethods="2"/>
      <line num="2" count="0" type="stmt"/>
      <line num="3" count="0" type="cond" truecount="0" falsecount="4"/>
      <line num="4" count="0" type="stmt"/>
      <line num="5" count="0" type="stmt"/>
      <line num="6" count="0" type="stmt"/>
      <line num="7" count="0" type="stmt"/>
      <line num="9" count="0" type="cond" truecount="0" falsecount="2"/>
      <line num="10" count="0" type="stmt"/>
      <line num="17" count="1" type="stmt"/>
      <line num="18" count="1" type="stmt"/>
      <line num="22" count="1" type="stmt"/>
      <line num="28" count="1" type="stmt"/>
      <line num="31" count="1" type="stmt"/>
    </file>
  </project>
</coverage>
