{"C:\\Users\\paawo\\OneDrive\\Documents\\p\\paa\\web\\public\\main\\school\\done\\todo\\src\\crud.ts": {"path":"C:\\Users\\paawo\\OneDrive\\Documents\\p\\paa\\web\\public\\main\\school\\done\\todo\\src\\crud.ts","statementMap":{"0":{"start":{"line":2,"column":21},"end":{"line":2,"column":23}},"1":{"start":{"line":3,"column":2},"end":{"line":13,"column":null}},"2":{"start":{"line":4,"column":4},"end":{"line":12,"column":null}},"3":{"start":{"line":4,"column":17},"end":{"line":4,"column":18}},"4":{"start":{"line":5,"column":19},"end":{"line":5,"column":27}},"5":{"start":{"line":6,"column":6},"end":{"line":6,"column":null}},"6":{"start":{"line":7,"column":6},"end":{"line":7,"column":null}},"7":{"start":{"line":9,"column":6},"end":{"line":11,"column":null}},"8":{"start":{"line":10,"column":8},"end":{"line":10,"column":null}},"9":{"start":{"line":31,"column":19},"end":{"line":31,"column":32}},"10":{"start":{"line":17,"column":2},"end":{"line":17,"column":null}},"11":{"start":{"line":18,"column":2},"end":{"line":18,"column":null}},"12":{"start":{"line":31,"column":9},"end":{"line":31,"column":12}},"13":{"start":{"line":22,"column":2},"end":{"line":26,"column":null}},"14":{"start":{"line":28,"column":2},"end":{"line":28,"column":null}},"15":{"start":{"line":31,"column":14},"end":{"line":31,"column":17}}},"fnMap":{"0":{"name":"updateIndices","decl":{"start":{"line":1,"column":9},"end":{"line":1,"column":22}},"loc":{"start":{"line":1,"column":55},"end":{"line":14,"column":1}}},"1":{"name":"del","decl":{"start":{"line":16,"column":9},"end":{"line":16,"column":12}},"loc":{"start":{"line":16,"column":46},"end":{"line":19,"column":1}}},"2":{"name":"add","decl":{"start":{"line":21,"column":9},"end":{"line":21,"column":12}},"loc":{"start":{"line":21,"column":44},"end":{"line":29,"column":1}}}},"branchMap":{"0":{"loc":{"start":{"line":3,"column":2},"end":{"line":13,"column":null}},"type":"if","locations":[{"start":{"line":3,"column":2},"end":{"line":13,"column":null}},{"start":{"line":3,"column":2},"end":{"line":13,"column":null}}]},"1":{"loc":{"start":{"line":3,"column":6},"end":{"line":3,"column":20}},"type":"binary-expr","locations":[{"start":{"line":3,"column":6},"end":{"line":3,"column":20}},{"start":{"line":3,"column":24},"end":{"line":3,"column":40}}]},"2":{"loc":{"start":{"line":9,"column":6},"end":{"line":11,"column":null}},"type":"if","locations":[{"start":{"line":9,"column":6},"end":{"line":11,"column":null}},{"start":{"line":9,"column":6},"end":{"line":11,"column":null}}]}},"s":{"0":0,"1":0,"2":0,"3":0,"4":0,"5":0,"6":0,"7":0,"8":0,"9":1,"10":1,"11":1,"12":1,"13":1,"14":1,"15":1},"f":{"0":0,"1":1,"2":1},"b":{"0":[0,0],"1":[0,0],"2":[0,0]}}
}
