{"C:\\Users\\paawo\\OneDrive\\Documents\\p\\paa\\web\\public\\main\\school\\done\\todo\\src\\crud.ts": {"path":"C:\\Users\\paawo\\OneDrive\\Documents\\p\\paa\\web\\public\\main\\school\\done\\todo\\src\\crud.ts","statementMap":{"0":{"start":{"line":2,"column":21},"end":{"line":2,"column":23}},"1":{"start":{"line":3,"column":2},"end":{"line":12,"column":null}},"2":{"start":{"line":4,"column":4},"end":{"line":11,"column":null}},"3":{"start":{"line":4,"column":17},"end":{"line":4,"column":18}},"4":{"start":{"line":5,"column":19},"end":{"line":5,"column":27}},"5":{"start":{"line":6,"column":6},"end":{"line":6,"column":null}},"6":{"start":{"line":7,"column":6},"end":{"line":7,"column":null}},"7":{"start":{"line":8,"column":6},"end":{"line":10,"column":null}},"8":{"start":{"line":9,"column":8},"end":{"line":9,"column":null}},"9":{"start":{"line":55,"column":19},"end":{"line":55,"column":32}},"10":{"start":{"line":16,"column":2},"end":{"line":32,"column":null}},"11":{"start":{"line":17,"column":4},"end":{"line":21,"column":null}},"12":{"start":{"line":22,"column":4},"end":{"line":22,"column":null}},"13":{"start":{"line":24,"column":19},"end":{"line":24,"column":21}},"14":{"start":{"line":25,"column":4},"end":{"line":29,"column":null}},"15":{"start":{"line":31,"column":4},"end":{"line":31,"column":null}},"16":{"start":{"line":55,"column":14},"end":{"line":55,"column":17}},"17":{"start":{"line":36,"column":2},"end":{"line":36,"column":null}},"18":{"start":{"line":37,"column":2},"end":{"line":37,"column":null}},"19":{"start":{"line":55,"column":34},"end":{"line":55,"column":40}},"20":{"start":{"line":41,"column":2},"end":{"line":41,"column":null}},"21":{"start":{"line":42,"column":2},"end":{"line":42,"column":null}},"22":{"start":{"line":55,"column":9},"end":{"line":55,"column":12}},"23":{"start":{"line":46,"column":2},"end":{"line":52,"column":null}},"24":{"start":{"line":47,"column":4},"end":{"line":47,"column":null}},"25":{"start":{"line":49,"column":6},"end":{"line":49,"column":null}},"26":{"start":{"line":51,"column":4},"end":{"line":51,"column":null}},"27":{"start":{"line":55,"column":42},"end":{"line":55,"column":47}}},"fnMap":{"0":{"name":"updateIndices","decl":{"start":{"line":1,"column":9},"end":{"line":1,"column":22}},"loc":{"start":{"line":1,"column":33},"end":{"line":13,"column":1}}},"1":{"name":"add","decl":{"start":{"line":15,"column":9},"end":{"line":15,"column":12}},"loc":{"start":{"line":15,"column":44},"end":{"line":33,"column":1}}},"2":{"name":"update","decl":{"start":{"line":35,"column":9},"end":{"line":35,"column":15}},"loc":{"start":{"line":35,"column":60},"end":{"line":38,"column":1}}},"3":{"name":"del","decl":{"start":{"line":40,"column":9},"end":{"line":40,"column":12}},"loc":{"start":{"line":40,"column":46},"end":{"line":43,"column":1}}},"4":{"name":"clear","decl":{"start":{"line":45,"column":9},"end":{"line":45,"column":14}},"loc":{"start":{"line":45,"column":30},"end":{"line":53,"column":1}}},"5":{"name":"check","decl":{"start":{"line":48,"column":13},"end":{"line":48,"column":18}},"loc":{"start":{"line":48,"column":28},"end":{"line":50,"column":5}}}},"branchMap":{"0":{"loc":{"start":{"line":3,"column":2},"end":{"line":12,"column":null}},"type":"if","locations":[{"start":{"line":3,"column":2},"end":{"line":12,"column":null}},{"start":{"line":3,"column":2},"end":{"line":12,"column":null}}]},"1":{"loc":{"start":{"line":3,"column":6},"end":{"line":3,"column":20}},"type":"binary-expr","locations":[{"start":{"line":3,"column":6},"end":{"line":3,"column":20}},{"start":{"line":3,"column":24},"end":{"line":3,"column":40}}]},"2":{"loc":{"start":{"line":8,"column":6},"end":{"line":10,"column":null}},"type":"if","locations":[{"start":{"line":8,"column":6},"end":{"line":10,"column":null}},{"start":{"line":8,"column":6},"end":{"line":10,"column":null}}]},"3":{"loc":{"start":{"line":16,"column":2},"end":{"line":32,"column":null}},"type":"if","locations":[{"start":{"line":16,"column":2},"end":{"line":32,"column":null}},{"start":{"line":16,"column":2},"end":{"line":32,"column":null}}]},"4":{"loc":{"start":{"line":16,"column":6},"end":{"line":16,"column":20}},"type":"binary-expr","locations":[{"start":{"line":16,"column":6},"end":{"line":16,"column":20}},{"start":{"line":16,"column":24},"end":{"line":16,"column":43}},{"start":{"line":16,"column":47},"end":{"line":16,"column":63}}]},"5":{"loc":{"start":{"line":46,"column":2},"end":{"line":52,"column":null}},"type":"if","locations":[{"start":{"line":46,"column":2},"end":{"line":52,"column":null}},{"start":{"line":46,"column":2},"end":{"line":52,"column":null}}]},"6":{"loc":{"start":{"line":46,"column":6},"end":{"line":46,"column":20}},"type":"binary-expr","locations":[{"start":{"line":46,"column":6},"end":{"line":46,"column":20}},{"start":{"line":46,"column":24},"end":{"line":46,"column":40}}]}},"s":{"0":1,"1":1,"2":1,"3":1,"4":4,"5":4,"6":4,"7":4,"8":1,"9":1,"10":1,"11":1,"12":1,"13":0,"14":0,"15":0,"16":1,"17":1,"18":1,"19":1,"20":1,"21":1,"22":1,"23":1,"24":1,"25":4,"26":1,"27":1},"f":{"0":1,"1":1,"2":1,"3":1,"4":1,"5":4},"b":{"0":[1,0],"1":[1,1],"2":[1,3],"3":[1,0],"4":[1,1,1],"5":[1,0],"6":[1,1]}}
,"C:\\Users\\paawo\\OneDrive\\Documents\\p\\paa\\web\\public\\main\\school\\done\\todo\\src\\status.ts": {"path":"C:\\Users\\paawo\\OneDrive\\Documents\\p\\paa\\web\\public\\main\\school\\done\\todo\\src\\status.ts","statementMap":{"0":{"start":{"line":2,"column":2},"end":{"line":2,"column":null}},"1":{"start":{"line":3,"column":2},"end":{"line":3,"column":null}},"2":{"start":{"line":4,"column":2},"end":{"line":4,"column":null}},"3":{"start":{"line":5,"column":2},"end":{"line":5,"column":null}},"4":{"start":{"line":8,"column":9},"end":{"line":8,"column":17}}},"fnMap":{"0":{"name":"onChange","decl":{"start":{"line":1,"column":9},"end":{"line":1,"column":17}},"loc":{"start":{"line":1,"column":46},"end":{"line":6,"column":1}}}},"branchMap":{},"s":{"0":1,"1":1,"2":1,"3":1,"4":1},"f":{"0":1},"b":{}}
}
