TN:
SF:src\crud.ts
FN:1,updateIndices
FN:15,add
FN:35,update
FN:40,del
FNF:4
FNH:3
FNDA:0,updateIndices
FNDA:1,add
FNDA:1,update
FNDA:1,del
DA:2,0
DA:3,0
DA:4,0
DA:5,0
DA:6,0
DA:7,0
DA:8,0
DA:9,0
DA:16,1
DA:17,1
DA:22,1
DA:24,0
DA:25,0
DA:31,0
DA:36,1
DA:37,1
DA:41,1
DA:42,1
DA:45,1
LF:19
LH:8
BRDA:3,0,0,0
BRDA:3,0,1,0
BRDA:3,1,0,0
BRDA:3,1,1,0
BRDA:8,2,0,0
BRDA:8,2,1,0
BRDA:16,3,0,1
BRDA:16,3,1,0
BRDA:16,4,0,1
BRDA:16,4,1,1
BRDA:16,4,2,1
BRF:11
BRH:4
end_of_record
TN:
SF:src\status.ts
FN:1,onChange
FNF:1
FNH:1
FNDA:1,onChange
DA:2,1
DA:3,1
DA:4,1
DA:5,1
DA:8,1
LF:5
LH:5
BRF:0
BRH:0
end_of_record
