TN:
SF:src\crud.ts
FN:1,updateIndices
FN:15,add
FN:35,update
FN:40,del
FN:45,clear
FN:48,check
FNF:6
FNH:6
FNDA:1,updateIndices
FNDA:1,add
FNDA:1,update
FNDA:1,del
FNDA:1,clear
FNDA:4,check
DA:2,1
DA:3,1
DA:4,1
DA:5,4
DA:6,4
DA:7,4
DA:8,4
DA:9,1
DA:16,1
DA:17,1
DA:22,1
DA:24,0
DA:25,0
DA:31,0
DA:36,1
DA:37,1
DA:41,1
DA:42,1
DA:46,1
DA:47,1
DA:49,4
DA:51,1
DA:55,1
LF:23
LH:20
BRDA:3,0,0,1
BRDA:3,0,1,0
BRDA:3,1,0,1
BRDA:3,1,1,1
BRDA:8,2,0,1
BRDA:8,2,1,3
BRDA:16,3,0,1
BRDA:16,3,1,0
BRDA:16,4,0,1
BRDA:16,4,1,1
BRDA:16,4,2,1
BRDA:46,5,0,1
BRDA:46,5,1,0
BRDA:46,6,0,1
BRDA:46,6,1,1
BRF:15
BRH:12
end_of_record
TN:
SF:src\status.ts
FN:1,onChange
FNF:1
FNH:1
FNDA:1,onChange
DA:2,1
DA:3,1
DA:4,1
DA:5,1
DA:8,1
LF:5
LH:5
BRF:0
BRH:0
end_of_record
